<?xml version="1.0" encoding="UTF-8"?>
<!-- Generated by org.testng.reporters.JUnitXMLReporter -->
<testsuite ignored="0" hostname="LAPTOP-00BTKKVG" failures="0" tests="3" name="Default test" time="37.0" errors="0" timestamp="2024-03-22T22:48:04 IST">
  <testcase classname="demo.testinghomepage" name="testHomePageLoad" time="0.413"/>
  <testcase classname="demo.testinghomepage" name="testEssentialInformation" time="0.618"/>
  <testcase classname="demo.testinghomepage" name="testNavigationLinks" time="2.567"/>
</testsuite> <!-- Default test -->
