<?xml version="1.0" encoding="UTF-8"?>
<testng-results ignored="0" total="3" passed="3" failed="0" skipped="0">
  <reporter-output>
  </reporter-output>
  <suite started-at="2024-03-22T22:47:27 IST" name="Default suite" finished-at="2024-03-22T22:48:04 IST" duration-ms="37000">
    <groups>
    </groups>
    <test started-at="2024-03-22T22:47:27 IST" name="Default test" finished-at="2024-03-22T22:48:04 IST" duration-ms="37000">
      <class name="demo.testinghomepage">
        <test-method is-config="true" signature="setUp()[pri:0, instance:demo.testinghomepage@36ebc363]" started-at="2024-03-22T22:47:27 IST" name="setUp" finished-at="2024-03-22T22:47:58 IST" duration-ms="31074" status="PASS">
          <reporter-output>
          </reporter-output>
        </test-method> <!-- setUp -->
        <test-method signature="testHomePageLoad()[pri:1, instance:demo.testinghomepage@36ebc363]" started-at="2024-03-22T22:47:58 IST" name="testHomePageLoad" finished-at="2024-03-22T22:47:59 IST" duration-ms="413" status="PASS">
          <reporter-output>
          </reporter-output>
        </test-method> <!-- testHomePageLoad -->
        <test-method signature="testEssentialInformation()[pri:2, instance:demo.testinghomepage@36ebc363]" started-at="2024-03-22T22:47:59 IST" name="testEssentialInformation" finished-at="2024-03-22T22:47:59 IST" duration-ms="618" status="PASS">
          <reporter-output>
          </reporter-output>
        </test-method> <!-- testEssentialInformation -->
        <test-method signature="testNavigationLinks()[pri:3, instance:demo.testinghomepage@36ebc363]" started-at="2024-03-22T22:47:59 IST" name="testNavigationLinks" finished-at="2024-03-22T22:48:02 IST" duration-ms="2567" status="PASS">
          <reporter-output>
          </reporter-output>
        </test-method> <!-- testNavigationLinks -->
        <test-method is-config="true" signature="tearDown()[pri:0, instance:demo.testinghomepage@36ebc363]" started-at="2024-03-22T22:48:02 IST" name="tearDown" finished-at="2024-03-22T22:48:04 IST" duration-ms="2032" status="PASS">
          <reporter-output>
          </reporter-output>
        </test-method> <!-- tearDown -->
      </class> <!-- demo.testinghomepage -->
    </test> <!-- Default test -->
  </suite> <!-- Default suite -->
</testng-results>
